02/01*00	37855
02/01*01	37863
02/01*02	37817
02/01*03	37150
02/01*04	32580
02/01*05	27239
02/01*06	23874
02/01*07	21876
02/01*08	22094
02/01*09	22728
02/01*10	24692
02/01*11	28655
02/01*12	34505
02/01*13	39103
02/01*14	41605
02/01*15	41452
02/01*16	40066
02/01*17	36828
02/01*18	35382
02/01*19	33883
02/01*20	34223
02/01*21	36404
02/01*22	37058
02/01*23	39457
02/02*00	39404
02/02*01	39096
02/02*02	38310
02/02*03	38246
02/02*04	32855
02/02*05	28239
02/02*06	24260
02/02*07	22533
02/02*08	22108
02/02*09	23233
02/02*10	25166
02/02*11	29034
02/02*12	34885
02/02*13	39144
02/02*14	40486
02/02*15	39849
02/02*16	39179
02/02*17	38725
02/02*18	36816
02/02*19	35551
02/02*20	34925
02/02*21	36624
02/02*22	38381
02/02*23	40305
02/03*00	40431
02/03*01	45012
02/03*02	43023
02/03*03	39556
02/03*04	35318
02/03*05	30621
02/03*06	25341
02/03*07	23187
02/03*08	23126
02/03*09	23559
02/03*10	26007
02/03*11	28812
02/03*12	34325
02/03*13	39573
02/03*14	43317
02/03*15	43735
02/03*16	41739
02/03*17	38294
02/03*18	35239
02/03*19	33705
02/03*20	34525
02/03*21	35779
02/03*22	38072
02/03*23	39370
02/04*00	38171
02/04*01	38371
02/04*02	37304
02/04*03	37797
02/04*04	32322
02/04*05	28008
02/04*06	25357
02/04*07	22960
02/04*08	22801
02/04*09	23784
02/04*10	25851
02/04*11	30108
02/04*12	34720
02/04*13	40080
02/04*14	43723
02/04*15	45654
02/04*16	43411
02/04*17	40078
02/04*18	36286
02/04*19	34075
02/04*20	33243
02/04*21	34701
02/04*22	35153
02/04*23	38109
02/05*00	37518
02/05*01	37347
02/05*02	38132
02/05*03	36357
02/05*04	32812
02/05*05	29405
02/05*06	24982
02/05*07	22741
02/05*08	22601
02/05*09	22447
02/05*10	23471
02/05*11	25997
02/05*12	30524
02/05*13	35652
02/05*14	39619
02/05*15	42835
02/05*16	41404
02/05*17	37823
02/05*18	34273
02/05*19	31704
02/05*20	30286
02/05*21	30559
02/05*22	31843
02/05*23	34732
02/06*00	34485
02/06*01	35842
02/06*02	36604
02/06*03	37448
02/06*04	35279
02/06*05	33629
02/06*06	27809
02/06*07	24437
02/06*08	23974
02/06*09	23105
02/06*10	24517
02/06*11	28269
02/06*12	32335
02/06*13	37343
02/06*14	40919
02/06*15	42297
02/06*16	38827
02/06*17	37192
02/06*18	35091
02/06*19	33826
02/06*20	34512
02/06*21	35267
02/06*22	36852
02/06*23	44434
02/07*00	48933
02/07*01	52017
02/07*02	45830
02/07*03	43778
02/07*04	30458
02/07*05	26271
02/07*06	23550
02/07*07	21879
02/07*08	21929
02/07*09	22976
02/07*10	25002
02/07*11	29306
02/07*12	34870
02/07*13	39952
02/07*14	41791
02/07*15	43641
02/07*16	39711
02/07*17	36038
02/07*18	33670
02/07*19	33035
02/07*20	33864
02/07*21	35781
02/07*22	38291
02/07*23	39268
02/08*00	38397
02/08*01	37187
02/08*02	36498
02/08*03	35764
02/08*04	31339
02/08*05	27012
02/08*06	23792
02/08*07	22365
02/08*08	22568
02/08*09	23646
02/08*10	25488
02/08*11	29204
02/08*12	34086
02/08*13	39257
02/08*14	43631
02/08*15	44719
02/08*16	41290
02/08*17	37409
02/08*18	34688
02/08*19	33456
02/08*20	33482
02/08*21	35837
02/08*22	37554
02/08*23	38287
02/09*00	25
02/09*01	22
02/09*02	27
02/09*03	35
02/09*04	12
02/09*05	17
02/09*06	7
02/09*07	13
02/09*08	4
02/09*09	8
02/09*10	23
02/09*11	10
02/09*12	11
02/09*13	14
02/09*14	24
02/09*15	19
02/09*16	32
02/09*17	27
02/09*18	14
02/09*19	17
02/09*20	16
02/09*21	19
02/09*22	16
02/09*23	18
02/10*00	16
02/10*01	17
02/10*02	31
02/10*03	20
02/10*04	14
02/10*05	10
02/10*06	11
02/10*07	6
02/10*08	14
02/10*09	5
02/10*10	9
02/10*11	4
02/10*12	18
02/10*13	28
02/10*14	27
02/10*15	17
02/10*16	13
02/10*17	24
02/10*18	15
02/10*19	25
02/10*20	29
02/10*21	21
02/10*22	30
02/10*23	26
02/11*00	43
02/11*01	17
02/11*02	24
02/11*03	20
02/11*04	13
02/11*05	17
02/11*06	19
02/11*07	9
02/11*08	18
02/11*09	8
02/11*10	14
02/11*11	16
02/11*12	21
02/11*13	16
02/11*14	16
02/11*15	15
02/11*16	26
02/11*17	35
02/11*18	32
02/11*19	23
02/11*20	35
02/11*21	38
02/11*22	38
02/11*23	31
02/12*00	15
02/12*01	39
02/12*02	24
02/12*03	32
02/12*04	16
02/12*05	19
02/12*06	11
02/12*07	8
02/12*08	9
02/12*09	6
02/12*10	15
02/12*11	18
02/12*12	21
02/12*13	23
02/12*14	15
02/12*15	45
02/12*16	39
02/12*17	26
02/12*18	32
02/12*19	26
02/12*20	35
02/12*21	19
02/12*22	26
02/12*23	39
02/13*00	36
02/13*01	21
02/13*02	18
02/13*03	28
02/13*04	23
02/13*05	36
02/13*06	11
02/13*07	12
02/13*08	16
02/13*09	8
02/13*10	16
02/13*11	13
02/13*12	18
02/13*13	44
02/13*14	29
02/13*15	23
02/13*16	29
02/13*17	45
02/13*18	28
02/13*19	30
02/13*20	31
02/13*21	28
02/13*22	46
02/13*23	42
02/14*00	49
02/14*01	51
02/14*02	21
02/14*03	55
02/14*04	19
02/14*05	22
02/14*06	16
02/14*07	13
02/14*08	9
02/14*09	17
02/14*10	16
02/14*11	14
02/14*12	15
02/14*13	36
02/14*14	30
02/14*15	21
02/14*16	41
02/14*17	37
02/14*18	58
02/14*19	42
02/14*20	27
02/14*21	35
02/14*22	32
02/14*23	29
02/15*00	30
02/15*01	31
02/15*02	28
02/15*03	28
02/15*04	25
02/15*05	26
02/15*06	17
02/15*07	8
02/15*08	9
02/15*09	15
02/15*10	13
02/15*11	19
02/15*12	16
02/15*13	21
02/15*14	26
02/15*15	41
02/15*16	34
02/15*17	35
02/15*18	41
02/15*19	38
02/15*20	44
02/15*21	37
02/15*22	25
02/15*23	51
02/16*00	57
02/16*01	32
02/16*02	35
02/16*03	29
02/16*04	24
02/16*05	26
02/16*06	23
02/16*07	22
02/16*08	9
02/16*09	12
02/16*10	12
02/16*11	17
02/16*12	26
02/16*13	31
02/16*14	19
02/16*15	30
02/16*16	46
02/16*17	50
02/16*18	44
02/16*19	30
02/16*20	44
02/16*21	51
02/16*22	57
02/16*23	40
02/17*00	38
02/17*01	42
02/17*02	46
02/17*03	44
02/17*04	22
02/17*05	20
02/17*06	33
02/17*07	28
02/17*08	20
02/17*09	27
02/17*10	19
02/17*11	24
02/17*12	21
02/17*13	52
02/17*14	35
02/17*15	57
02/17*16	56
02/17*17	52
02/17*18	53
02/17*19	52
02/17*20	59
02/17*21	58
02/17*22	76
02/17*23	61
02/18*00	55
02/18*01	54
02/18*02	52
02/18*03	32
02/18*04	48
02/18*05	36
02/18*06	14
02/18*07	16
02/18*08	13
02/18*09	31
02/18*10	10
02/18*11	32
02/18*12	26
02/18*13	58
02/18*14	48
02/18*15	53
02/18*16	60
02/18*17	69
02/18*18	48
02/18*19	66
02/18*20	46
02/18*21	51
02/18*22	58
02/18*23	57
02/19*00	76
02/19*01	65
02/19*02	61
02/19*03	43
02/19*04	34
02/19*05	60
02/19*06	23
02/19*07	25
02/19*08	20
02/19*09	31
02/19*10	32
02/19*11	34
02/19*12	65
02/19*13	50
02/19*14	58
02/19*15	66
02/19*16	89
02/19*17	80
02/19*18	72
02/19*19	79
02/19*20	74
02/19*21	74
02/19*22	115
02/19*23	109
02/20*00	97
02/20*01	81
02/20*02	68
02/20*03	60
02/20*04	69
02/20*05	57
02/20*06	25
02/20*07	37
02/20*08	30
02/20*09	32
02/20*10	122
02/20*11	49
02/20*12	87
02/20*13	56
02/20*14	88
02/20*15	90
02/20*16	94
02/20*17	110
02/20*18	123
02/20*19	104
02/20*20	89
02/20*21	88
02/20*22	82
02/20*23	121
02/21*00	111
02/21*01	123
02/21*02	110
02/21*03	102
02/21*04	78
02/21*05	50
02/21*06	39
02/21*07	47
02/21*08	38
02/21*09	37
02/21*10	48
02/21*11	55
02/21*12	81
02/21*13	131
02/21*14	126
02/21*15	148
02/21*16	158
02/21*17	172
02/21*18	199
02/21*19	160
02/21*20	148
02/21*21	176
02/21*22	182
02/21*23	235
02/22*00	181
02/22*01	191
02/22*02	180
02/22*03	151
02/22*04	146
02/22*05	130
02/22*06	89
02/22*07	78
02/22*08	84
02/22*09	109
02/22*10	79
02/22*11	105
02/22*12	131
02/22*13	180
02/22*14	276
02/22*15	288
02/22*16	317
02/22*17	306
02/22*18	347
02/22*19	389
02/22*20	421
02/22*21	498
02/22*22	648
02/22*23	962
02/23*00	32185
02/23*01	33542
02/23*02	34922
02/23*03	34378
02/23*04	32777
02/23*05	29486
02/23*06	26186
02/23*07	23408
02/23*08	22804
02/23*09	22401
02/23*10	22994
02/23*11	25594
02/23*12	29051
02/23*13	33309
02/23*14	36483
02/23*15	36932
02/23*16	34128
02/23*17	32235
02/23*18	30687
02/23*19	30927
02/23*20	32064
02/23*21	32475
02/23*22	35627
02/23*23	37352
02/24*00	34943
02/24*01	36846
02/24*02	38233
02/24*03	36194
02/24*04	31260
02/24*05	26675
02/24*06	23362
02/24*07	21183
02/24*08	20990
02/24*09	21997
02/24*10	23903
02/24*11	27486
02/24*12	32465
02/24*13	37301
02/24*14	40606
02/24*15	40595
02/24*16	38550
02/24*17	34745
02/24*18	32719
02/24*19	31858
02/24*20	32174
02/24*21	34305
02/24*22	35863
02/24*23	37055
02/25*00	36756
02/25*01	36908
02/25*02	37539
02/25*03	35579
02/25*04	31169
02/25*05	27006
02/25*06	23085
02/25*07	21432
02/25*08	21115
02/25*09	22280
02/25*10	23829
02/25*11	28085
02/25*12	33234
02/25*13	42186
02/25*14	45096
02/25*15	48853
02/25*16	45104
02/25*17	36326
02/25*18	33523
02/25*19	33132
02/25*20	32207
02/25*21	34629
02/25*22	35941
02/25*23	36703
02/26*00	36843
02/26*01	38507
02/26*02	41815
02/26*03	41414
02/26*04	32570
02/26*05	26831
02/26*06	23065
02/26*07	21471
02/26*08	21274
02/26*09	22199
02/26*10	24413
02/26*11	27725
02/26*12	33180
02/26*13	38908
02/26*14	42346
02/26*15	42397
02/26*16	39773
02/26*17	36466
02/26*18	34524
02/26*19	32954
02/26*20	33671
02/26*21	35384
02/26*22	37491
02/26*23	38619
02/27*00	38539
02/27*01	37983
02/27*02	32752
02/27*03	36258
02/27*04	32313
02/27*05	27396
02/27*06	26149
02/27*07	24134
02/27*08	22310
02/27*09	22882
02/27*10	25566
02/27*11	29095
02/27*12	34377
02/27*13	39902
02/27*14	42521
02/27*15	42542
02/27*16	40427
02/27*17	36811
02/27*18	34662
02/27*19	29753
02/27*20	33270
02/27*21	34806
02/27*22	37331
02/27*23	38863
02/28*00	38785
02/28*01	38927
02/28*02	38813
02/28*03	39371
02/28*04	33396
02/28*05	28352
02/28*06	25147
02/28*07	22825
02/28*08	22538
02/28*09	23469
02/28*10	25259
02/28*11	29764
02/28*12	34635
02/28*13	39283
02/28*14	43320
02/28*15	43711
02/28*16	41815
02/28*17	39161
02/28*18	31907
02/28*19	31964
02/28*20	31967
02/28*21	32819
02/28*22	34753
02/28*23	34075
02/29*00	34859
02/29*01	35929
02/29*02	36426
02/29*03	35420
02/29*04	32391
02/29*05	28780
02/29*06	25124
02/29*07	22654
02/29*08	22308
02/29*09	22477
02/29*10	23027
02/29*11	26146
02/29*12	29947
02/29*13	34429
02/29*14	39064
02/29*15	42702
02/29*16	42846
02/29*17	47190
02/29*18	33844
02/29*19	30175
02/29*20	28947
02/29*21	28408
02/29*22	29273
02/29*23	32474
02/30*00	32759
02/30*01	33790
02/30*02	35421
02/30*03	34962
02/30*04	33661
02/30*05	30345
02/30*06	26584
02/30*07	23674
02/30*08	23253
02/30*09	22981
02/30*10	24297
02/30*11	26777
02/30*12	29949
02/30*13	34080
02/30*14	37842
02/30*15	38592
02/30*16	35839
02/30*17	33293
02/30*18	32288
02/30*19	32393
02/30*20	32270
02/30*21	32753
02/30*22	35091
02/30*23	35854
02/31*00	35513
02/31*01	38733
02/31*02	38599
02/31*03	37070
02/31*04	32267
02/31*05	26905
02/31*06	23480
02/31*07	21489
02/31*08	21870
02/31*09	22660
02/31*10	24924
02/31*11	28731
02/31*12	34045
02/31*13	39035
02/31*14	40187
02/31*15	39349
02/31*16	37707
02/31*17	36078
02/31*18	34020
02/31*19	33274
02/31*20	33606
02/31*21	35358
02/31*22	36726
02/31*23	38482
