02/01 00	220
02/01 01	184
02/01 02	156
02/01 03	159
02/01 04	130
02/01 05	128
02/01 06	109
02/01 07	168
02/01 08	174
02/01 09	186
02/01 10	193
02/01 11	221
02/01 12	260
02/01 13	239
02/01 14	304
02/01 15	267
02/01 16	232
02/01 17	236
02/01 18	229
02/01 19	241
02/01 20	257
02/01 21	516
02/01 22	285
02/01 23	261
02/02 00	164
02/02 01	107
02/02 02	87
02/02 03	69
02/02 04	86
02/02 05	74
02/02 06	56
02/02 07	56
02/02 08	118
02/02 09	128
02/02 10	139
02/02 11	181
02/02 12	281
02/02 13	424
02/02 14	472
02/02 15	498
02/02 16	503
02/02 17	434
02/02 18	352
02/02 19	328
02/02 20	332
02/02 21	296
02/02 22	251
02/02 23	225
02/03 00	171
02/03 01	166
02/03 02	233
02/03 03	324
02/03 04	270
02/03 05	193
02/03 06	148
02/03 07	141
02/03 08	159
02/03 09	140
02/03 10	187
02/03 11	187
02/03 12	230
02/03 13	278
02/03 14	324
02/03 15	356
02/03 16	355
02/03 17	317
02/03 18	297
02/03 19	323
02/03 20	330
02/03 21	267
02/03 22	279
02/03 23	215
02/04 00	175
02/04 01	170
02/04 02	154
02/04 03	147
02/04 04	128
02/04 05	92
02/04 06	103
02/04 07	127
02/04 08	119
02/04 09	143
02/04 10	217
02/04 11	234
02/04 12	244
02/04 13	241
02/04 14	239
02/04 15	263
02/04 16	219
02/04 17	255
02/04 18	187
02/04 19	192
02/04 20	192
02/04 21	149
02/04 22	146
02/04 23	147
02/05 00	119
02/05 01	88
02/05 02	63
02/05 03	75
02/05 04	51
02/05 05	79
02/05 06	42
02/05 07	98
02/05 08	92
02/05 09	89
02/05 10	92
02/05 11	109
02/05 12	71
02/05 13	118
02/05 14	125
02/05 15	147
02/05 16	262
02/05 17	165
02/05 18	138
02/05 19	157
02/05 20	104
02/05 21	130
02/05 22	110
02/05 23	85
02/06 00	68
02/06 01	46
02/06 02	69
02/06 03	59
02/06 04	34
02/06 05	52
02/06 06	60
02/06 07	59
02/06 08	71
02/06 09	88
02/06 10	81
02/06 11	90
02/06 12	89
02/06 13	88
02/06 14	194
02/06 15	176
02/06 16	134
02/06 17	142
02/06 18	119
02/06 19	121
02/06 20	96
02/06 21	93
02/06 22	86
02/06 23	79
02/07 00	53
02/07 01	65
02/07 02	54
02/07 03	50
02/07 04	41
02/07 05	58
02/07 06	23
02/07 07	33
02/07 08	46
02/07 09	50
02/07 10	47
02/07 11	61
02/07 12	65
02/07 13	92
02/07 14	96
02/07 15	144
02/07 16	96
02/07 17	91
02/07 18	98
02/07 19	97
02/07 20	92
02/07 21	119
02/07 22	94
02/07 23	72
02/08 00	86
02/08 01	47
02/08 02	53
02/08 03	49
02/08 04	54
02/08 05	42
02/08 06	46
02/08 07	50
02/08 08	49
02/08 09	43
02/08 10	61
02/08 11	67
02/08 12	91
02/08 13	67
02/08 14	74
02/08 15	111
02/08 16	108
02/08 17	111
02/08 18	117
02/08 19	81
02/08 20	89
02/08 21	87
02/08 22	68
02/08 23	59
02/10 21	1
02/16 10	1
02/19 19	1
02/22 01	1
02/22 07	1
02/22 09	1
02/22 20	1
02/22 23	1
02/23 00	1
02/23 01	2
02/23 03	1
02/23 04	3
02/23 05	3
02/23 06	4
02/23 07	2
02/23 08	3
02/23 09	3
02/23 10	8
02/23 11	9
02/23 12	12
02/23 13	8
02/23 14	8
02/23 15	5
02/23 16	10
02/23 17	4
02/23 18	3
02/23 19	4
02/23 20	4
02/23 21	5
02/23 22	8
02/23 23	9
02/24 00	5
02/24 01	2
02/24 03	5
02/24 04	5
02/24 05	5
02/24 06	3
02/24 07	4
02/24 08	5
02/24 09	4
02/24 10	4
02/24 11	5
02/24 12	6
02/24 13	7
02/24 14	12
02/24 15	8
02/24 16	6
02/24 17	6
02/24 18	9
02/24 19	9
02/24 20	1
02/24 21	10
02/24 22	7
02/24 23	7
02/25 00	9
02/25 01	6
02/25 02	8
02/25 03	3
02/25 04	6
02/25 05	8
02/25 06	3
02/25 07	13
02/25 08	24
02/25 09	26
02/25 10	16
02/25 11	28
02/25 12	34
02/25 13	64
02/25 14	63
02/25 15	86
02/25 16	92
02/25 17	95
02/25 18	96
02/25 19	108
02/25 20	96
02/25 21	109
02/25 22	91
02/25 23	110
02/26 00	83
02/26 01	64
02/26 02	24
02/26 03	37
02/26 04	32
02/26 05	22
02/26 06	25
02/26 07	30
02/26 08	41
02/26 09	50
02/26 10	48
02/26 11	32
02/26 12	49
02/26 13	96
02/26 14	84
02/26 15	98
02/26 16	113
02/26 17	88
02/26 18	77
02/26 19	106
02/26 20	132
02/26 21	129
02/26 22	186
02/26 23	85
02/27 00	73
02/27 01	41
02/27 02	23
02/27 03	46
02/27 04	26
02/27 05	28
02/27 06	34
02/27 07	35
02/27 08	38
02/27 09	53
02/27 10	50
02/27 11	58
02/27 12	59
02/27 13	65
02/27 14	68
02/27 15	78
02/27 16	88
02/27 17	91
02/27 18	90
02/27 19	63
02/27 20	94
02/27 21	83
02/27 22	117
02/27 23	190
02/28 00	160
02/28 01	147
02/28 02	145
02/28 03	91
02/28 04	121
02/28 05	164
02/28 06	122
02/28 07	116
02/28 08	166
02/28 09	160
02/28 10	247
02/28 11	286
02/28 12	273
02/28 13	315
02/28 14	367
02/28 15	481
02/28 16	598
02/28 17	708
02/28 18	526
02/28 19	614
02/28 20	455
02/28 21	489
02/28 22	670
02/28 23	413
02/29 00	209
02/29 01	149
02/29 02	148
02/29 03	133
02/29 04	120
02/29 05	97
02/29 06	80
02/29 07	89
02/29 08	129
02/29 09	130
02/29 10	169
02/29 11	186
02/29 12	212
02/29 13	326
02/29 14	295
02/29 15	389
02/29 16	403
02/29 17	318
02/29 18	296
02/29 19	237
02/29 20	301
02/29 21	222
02/29 22	258
02/29 23	238
02/30 00	139
02/30 01	174
02/30 02	142
02/30 03	127
02/30 04	67
02/30 05	94
02/30 06	77
02/30 07	71
02/30 08	118
02/30 09	207
02/30 10	179
02/30 11	217
02/30 12	203
02/30 13	287
02/30 14	392
02/30 15	296
02/30 16	313
02/30 17	309
02/30 18	247
02/30 19	248
02/30 20	212
02/30 21	210
02/30 22	189
02/30 23	179
02/31 00	155
02/31 01	111
02/31 02	115
02/31 03	134
02/31 04	109
02/31 05	92
02/31 06	83
02/31 07	92
02/31 08	114
02/31 09	108
02/31 10	153
02/31 11	157
02/31 12	245
02/31 13	210
02/31 14	192
02/31 15	234
02/31 16	222
02/31 17	214
02/31 18	192
02/31 19	217
02/31 20	196
02/31 21	217
02/31 22	253
02/31 23	244
