01/23*00	32171
01/23*01	33516
01/23*02	34909
01/23*03	34371
01/23*04	32769
01/23*05	29480
01/23*06	26179
01/23*07	23402
01/23*08	22801
01/23*09	22395
01/23*10	22992
01/23*11	25589
01/23*12	29042
01/23*13	33299
01/23*14	36473
01/23*15	36915
01/23*16	34103
01/23*17	32222
01/23*18	30632
01/23*19	30917
01/23*20	32049
01/23*21	32464
01/23*22	35613
01/23*23	37342
01/24*00	34938
01/24*01	36831
01/24*02	38219
01/24*03	36184
01/24*04	31256
01/24*05	26673
01/24*06	23357
01/24*07	21174
01/24*08	20985
01/24*09	21994
01/24*10	23899
01/24*11	27479
01/24*12	32458
01/24*13	37295
01/24*14	40592
01/24*15	40590
01/24*16	38545
01/24*17	34727
01/24*18	32705
01/24*19	31849
01/24*20	32167
01/24*21	34294
01/24*22	35834
01/24*23	37044
01/25*00	36749
01/25*01	36894
01/25*02	37530
01/25*03	35564
01/25*04	31166
01/25*05	27003
01/25*06	23077
01/25*07	21428
01/25*08	21108
01/25*09	22277
01/25*10	23821
01/25*11	28079
01/25*12	33225
01/25*13	42180
01/25*14	45088
01/25*15	48841
01/25*16	45092
01/25*17	36316
01/25*18	33518
01/25*19	33126
01/25*20	32195
01/25*21	34622
01/25*22	35931
01/25*23	36693
01/26*00	36829
01/26*01	38498
01/26*02	41792
01/26*03	41405
01/26*04	32562
01/26*05	26829
01/26*06	23058
01/26*07	21466
01/26*08	21258
01/26*09	22196
01/26*10	24406
01/26*11	27716
01/26*12	33172
01/26*13	38887
01/26*14	42340
01/26*15	42390
01/26*16	39766
01/26*17	36455
01/26*18	34503
01/26*19	32946
01/26*20	33654
01/26*21	35376
01/26*22	37478
01/26*23	38600
01/27*00	38527
01/27*01	37975
01/27*02	32745
01/27*03	36254
01/27*04	32306
01/27*05	27392
01/27*06	26145
01/27*07	24131
01/27*08	22306
01/27*09	22872
01/27*10	25551
01/27*11	29093
01/27*12	34371
01/27*13	39890
01/27*14	42512
01/27*15	42525
01/27*16	40420
01/27*17	36799
01/27*18	34647
01/27*19	29695
01/27*20	33255
01/27*21	34798
01/27*22	37323
01/27*23	38846
01/28*00	38759
01/28*01	38914
01/28*02	38804
01/28*03	39354
01/28*04	33389
01/28*05	28333
01/28*06	25145
01/28*07	22822
01/28*08	22536
01/28*09	23466
01/28*10	25253
01/28*11	29759
01/28*12	34616
01/28*13	39275
01/28*14	43306
01/28*15	43698
01/28*16	41800
01/28*17	39143
01/28*18	31897
01/28*19	31952
01/28*20	31953
01/28*21	32802
01/28*22	34744
01/28*23	34068
01/29*00	34845
01/29*01	35917
01/29*02	36412
01/29*03	35412
01/29*04	32386
01/29*05	28772
01/29*06	25118
01/29*07	22647
01/29*08	22300
01/29*09	22475
01/29*10	23022
01/29*11	26143
01/29*12	29942
01/29*13	34417
01/29*14	39055
01/29*15	42686
01/29*16	42829
01/29*17	47178
01/29*18	33831
01/29*19	30162
01/29*20	28924
01/29*21	28391
01/29*22	29261
01/29*23	32462
01/30*00	32735
01/30*01	33776
01/30*02	35410
01/30*03	34954
01/30*04	33652
01/30*05	30337
01/30*06	26575
01/30*07	23661
01/30*08	23243
01/30*09	22974
01/30*10	24289
01/30*11	26767
01/30*12	29942
01/30*13	34065
01/30*14	37832
01/30*15	38583
01/30*16	35821
01/30*17	33279
01/30*18	32275
01/30*19	32380
01/30*20	32252
01/30*21	32744
01/30*22	35077
01/30*23	35837
01/31*00	35507
01/31*01	38729
01/31*02	38587
01/31*03	37065
01/31*04	32264
01/31*05	26899
01/31*06	23471
01/31*07	21486
01/31*08	21867
01/31*09	22659
01/31*10	24920
01/31*11	28727
01/31*12	34040
01/31*13	39029
01/31*14	40181
01/31*15	39342
01/31*16	37700
01/31*17	36071
01/31*18	34013
01/31*19	33257
01/31*20	33601
01/31*21	35350
01/31*22	36718
01/31*23	38475
02/01*00	37849
02/01*01	37842
02/01*02	37808
02/01*03	37142
02/01*04	32568
02/01*05	27226
02/01*06	23869
02/01*07	21869
02/01*08	22086
02/01*09	22727
02/01*10	24690
02/01*11	28646
02/01*12	34494
02/01*13	39092
02/01*14	41596
02/01*15	41437
02/01*16	40053
02/01*17	36804
02/01*18	35371
02/01*19	33868
02/01*20	34184
02/01*21	36385
02/01*22	37042
02/01*23	39445
02/02*00	39394
02/02*01	39081
02/02*02	38297
02/02*03	38234
02/02*04	32845
02/02*05	28237
02/02*06	24254
02/02*07	22529
02/02*08	22103
02/02*09	23232
02/02*10	25160
02/02*11	29029
02/02*12	34885
02/02*13	39123
02/02*14	40482
02/02*15	39840
02/02*16	39167
02/02*17	38690
02/02*18	36797
02/02*19	35532
02/02*20	34910
02/02*21	36607
02/02*22	38370
02/02*23	40281
02/03*00	40392
02/03*01	44997
02/03*02	42999
02/03*03	39546
02/03*04	35309
02/03*05	30608
02/03*06	25332
02/03*07	23182
02/03*08	23118
02/03*09	23554
02/03*10	26004
02/03*11	28804
02/03*12	34321
02/03*13	39556
02/03*14	43298
02/03*15	43718
02/03*16	41726
02/03*17	38274
02/03*18	35220
02/03*19	33685
02/03*20	34512
02/03*21	35765
02/03*22	38054
02/03*23	39352
02/04*00	38153
02/04*01	38350
02/04*02	37288
02/04*03	37779
02/04*04	32312
02/04*05	27998
02/04*06	25351
02/04*07	22954
02/04*08	22790
02/04*09	23777
02/04*10	25845
02/04*11	30092
02/04*12	34708
02/04*13	40057
02/04*14	43712
02/04*15	45642
02/04*16	43387
02/04*17	40052
02/04*18	36271
02/04*19	34065
02/04*20	33207
02/04*21	34681
02/04*22	35136
02/04*23	38095
02/05*00	37491
02/05*01	37329
02/05*02	38121
02/05*03	36343
02/05*04	32801
02/05*05	29402
02/05*06	24972
02/05*07	22736
02/05*08	22596
02/05*09	22440
02/05*10	23463
02/05*11	25992
02/05*12	30508
02/05*13	35622
02/05*14	39604
02/05*15	42823
02/05*16	41374
02/05*17	37807
02/05*18	34259
02/05*19	31690
02/05*20	30268
02/05*21	30544
02/05*22	31831
02/05*23	34710
02/06*00	34471
02/06*01	35818
02/06*02	36588
02/06*03	37434
02/06*04	35275
02/06*05	33620
02/06*06	27791
02/06*07	24429
02/06*08	23970
02/06*09	23095
02/06*10	24502
02/06*11	28261
02/06*12	32316
02/06*13	37320
02/06*14	40896
02/06*15	42278
02/06*16	38800
02/06*17	37171
02/06*18	35078
02/06*19	33806
02/06*20	34490
02/06*21	35251
02/06*22	36818
02/06*23	44407
02/07*00	48900
02/07*01	52000
02/07*02	45812
02/07*03	43766
02/07*04	30441
02/07*05	26257
02/07*06	23540
02/07*07	21873
02/07*08	21917
02/07*09	22963
02/07*10	24989
02/07*11	29295
02/07*12	34859
02/07*13	39932
02/07*14	41769
02/07*15	43619
02/07*16	39691
02/07*17	36016
02/07*18	33651
02/07*19	33007
02/07*20	33839
02/07*21	35754
02/07*22	38275
02/07*23	39238
02/08*00	38371
02/08*01	37167
02/08*02	36480
02/08*03	35754
02/08*04	31323
02/08*05	27001
02/08*06	23773
02/08*07	22356
02/08*08	22558
02/08*09	23639
02/08*10	25483
02/08*11	29194
02/08*12	34072
02/08*13	39246
02/08*14	43622
02/08*15	44693
02/08*16	41268
02/08*17	37393
02/08*18	34671
02/08*19	33434
02/08*20	33454
02/08*21	35819
02/08*22	37530
02/08*23	38265